<?xml version="1.0" encoding="UTF-8"?>
<!-- Generated by org.testng.reporters.JUnitReportReporter -->
<testsuite hostname="HB-laptops-060" failures="0" tests="2" name="project1.A2project" time="12.785" errors="0" timestamp="2021-06-24T23:23:02 EDT" skipped="0">
  <testcase classname="project1.A2project" name="imagess" time="5.959"/>
  <system-out/>
  <testcase classname="project1.A2project" name="buttons" time="6.826"/>
  <system-out/>
</testsuite> <!-- project1.A2project -->
