<?xml version="1.0" encoding="UTF-8"?>
<!-- Generated by org.testng.reporters.JUnitReportReporter -->
<testsuite hostname="HB-laptops-060" failures="0" tests="1" name="project1.Automated" time="6.955" errors="0" timestamp="2021-06-24T22:56:31 EDT" skipped="0">
  <testcase classname="project1.Automated" name="simmy" time="6.955"/>
  <system-out/>
</testsuite> <!-- project1.Automated -->
